
Loading: D:\unity\Project_P\excel2json-master\FieldMonster_Data.xlsx
Parse sheet: Sheet1
Parsing: D:\unity\Project_P\excel2json-master\FieldMonster_Data.xlsx.$$$\Sheet1.csv
Closing: D:\unity\Project_P\excel2json-master\FieldMonster_Data.xlsx
------------------------------------------------------------------------------
[FieldMonster_Data.xlsx(Sheet1): ROW 1]
Found object mark: '#FieldMonster[{}]'
[FieldMonster_Data.xlsx(Sheet1): ROW 1]
 Key: name at 1
[FieldMonster_Data.xlsx(Sheet1): ROW 1]
 Key: level at 2
[FieldMonster_Data.xlsx(Sheet1): ROW 1]
 Key: exp at 3
[FieldMonster_Data.xlsx(Sheet1): ROW 1]
 Key: AtkStance at 4
[FieldMonster_Data.xlsx(Sheet1): ROW 1]
 Key: HP at 5
[FieldMonster_Data.xlsx(Sheet1): ROW 1]
 Key: Damage at 6
[FieldMonster_Data.xlsx(Sheet1): ROW 1]
 Key: Daf at 7
[FieldMonster_Data.xlsx(Sheet1): ROW 1]
 Key: DmgSpeed at 8
[FieldMonster_Data.xlsx(Sheet1): ROW 1]
 Key: CriDamage at 9
[FieldMonster_Data.xlsx(Sheet1): ROW 1]
 Key: Speed at 10
[FieldMonster_Data.xlsx(Sheet1): ROW 1]
 Key: AtkSpeed at 11
[FieldMonster_Data.xlsx(Sheet1): ROW 1]
 Key: Range at 12
Parsing Array Object Table...

Loading: D:\unity\Project_P\excel2json-master\Items_Data.xlsx
Parse sheet: Sheet1
Parsing: D:\unity\Project_P\excel2json-master\Items_Data.xlsx.$$$\Sheet1.csv
Closing: D:\unity\Project_P\excel2json-master\Items_Data.xlsx
------------------------------------------------------------------------------
[Items_Data.xlsx(Sheet1): ROW 1]
Found object mark: '#items[{}]'
[Items_Data.xlsx(Sheet1): ROW 1]
 Key: Name at 1
[Items_Data.xlsx(Sheet1): ROW 1]
 Key: Type at 2
[Items_Data.xlsx(Sheet1): ROW 1]
 Key: Price at 3
[Items_Data.xlsx(Sheet1): ROW 1]
 Key: Damage at 4
[Items_Data.xlsx(Sheet1): ROW 1]
 Key: Critical at 5
[Items_Data.xlsx(Sheet1): ROW 1]
 Key: Money at 6
[Items_Data.xlsx(Sheet1): ROW 1]
 Key: ItemName at 7
[Items_Data.xlsx(Sheet1): ROW 1]
 Key: Description at 8
Parsing Array Object Table...

Loading: D:\unity\Project_P\excel2json-master\PlayerLevel_Data.xlsx
Parse sheet: Sheet1
Parsing: D:\unity\Project_P\excel2json-master\PlayerLevel_Data.xlsx.$$$\Sheet1.csv
Closing: D:\unity\Project_P\excel2json-master\PlayerLevel_Data.xlsx
------------------------------------------------------------------------------
[PlayerLevel_Data.xlsx(Sheet1): ROW 1]
Found object mark: '#PlayerLevel[{}]'
[PlayerLevel_Data.xlsx(Sheet1): ROW 1]
 Key: Level at 1
[PlayerLevel_Data.xlsx(Sheet1): ROW 1]
 Key: exp at 2
[PlayerLevel_Data.xlsx(Sheet1): ROW 1]
 Key: HP at 3
[PlayerLevel_Data.xlsx(Sheet1): ROW 1]
 Key: Damage at 4
[PlayerLevel_Data.xlsx(Sheet1): ROW 1]
 Key: Def at 5
Parsing Array Object Table...

Loading: D:\unity\Project_P\excel2json-master\PlayerSkill_Data.xlsx
Parse sheet: Sheet1
Parsing: D:\unity\Project_P\excel2json-master\PlayerSkill_Data.xlsx.$$$\Sheet1.csv
Closing: D:\unity\Project_P\excel2json-master\PlayerSkill_Data.xlsx
------------------------------------------------------------------------------
[PlayerSkill_Data.xlsx(Sheet1): ROW 1]
Found object mark: '#PlayerSkill[{}]'
[PlayerSkill_Data.xlsx(Sheet1): ROW 1]
 Key: EquipType at 1
[PlayerSkill_Data.xlsx(Sheet1): ROW 1]
 Key: DefaultSkill at 2
[PlayerSkill_Data.xlsx(Sheet1): ROW 1]
 Key: DefaultUnlock at 3
[PlayerSkill_Data.xlsx(Sheet1): ROW 1]
 Key: Skill1 at 4
[PlayerSkill_Data.xlsx(Sheet1): ROW 1]
 Key: Skill1Unlock at 5
[PlayerSkill_Data.xlsx(Sheet1): ROW 1]
 Key: Skill2 at 6
[PlayerSkill_Data.xlsx(Sheet1): ROW 1]
 Key: Skill2Unlock at 7
Parsing Array Object Table...

Loading: D:\unity\Project_P\excel2json-master\PlayerStat_Data.xlsx
Parse sheet: Sheet1
Parsing: D:\unity\Project_P\excel2json-master\PlayerStat_Data.xlsx.$$$\Sheet1.csv
Closing: D:\unity\Project_P\excel2json-master\PlayerStat_Data.xlsx
------------------------------------------------------------------------------
[PlayerStat_Data.xlsx(Sheet1): ROW 1]
Found object mark: '#PlayerStat[{}]'
[PlayerStat_Data.xlsx(Sheet1): ROW 1]
 Key: CharacterType at 1
[PlayerStat_Data.xlsx(Sheet1): ROW 1]
 Key: HP at 2
[PlayerStat_Data.xlsx(Sheet1): ROW 1]
 Key: MP at 3
[PlayerStat_Data.xlsx(Sheet1): ROW 1]
 Key: SP at 4
[PlayerStat_Data.xlsx(Sheet1): ROW 1]
 Key: Damage at 5
[PlayerStat_Data.xlsx(Sheet1): ROW 1]
 Key: DamageSpeed at 6
[PlayerStat_Data.xlsx(Sheet1): ROW 1]
 Key: CriDamage at 7
[PlayerStat_Data.xlsx(Sheet1): ROW 1]
 Key: Def at 8
[PlayerStat_Data.xlsx(Sheet1): ROW 1]
 Key: Speed at 9
Parsing Array Object Table...
